[28-May-2022 11:41:11 America/Sao_Paulo] PHP Warning:  Undefined array key "configDirectoryFilesLayoutSD" in K:\syncsystem\tecnologias\php\laravel\aula\laravel8\syncsystem-laravel8-v1\config\filesystems.php on line 84
[28-May-2022 11:54:26 America/Sao_Paulo] PHP Warning:  Undefined array key "configDirectoryFilesLayoutSD" in K:\syncsystem\tecnologias\php\laravel\aula\laravel8\syncsystem-laravel8-v1\config\app.php on line 232
[28-May-2022 11:59:47 America/Sao_Paulo] PHP Warning:  file_get_contents(app_resources\language-en-us.js): Failed to open stream: No such file or directory in K:\syncsystem\tecnologias\php\laravel\aula\laravel8\syncsystem-laravel8-v1\config-application.php on line 292
[28-May-2022 13:41:24 America/Sao_Paulo] PHP Warning:  Undefined array key "configDirectoryFilesLayoutSD" in K:\syncsystem\tecnologias\php\laravel\aula\laravel8\syncsystem-laravel8-v1\config\app.php on line 233
[28-May-2022 13:48:07 America/Sao_Paulo] PHP Warning:  Undefined array key "configDirectoryFilesLayoutSD" in K:\syncsystem\tecnologias\php\laravel\aula\laravel8\syncsystem-laravel8-v1\config\filesystems.php on line 85
[28-May-2022 13:48:26 America/Sao_Paulo] PHP Warning:  Undefined array key "configDirectoryFilesLayoutSD" in K:\syncsystem\tecnologias\php\laravel\aula\laravel8\syncsystem-laravel8-v1\config\filesystems.php on line 85
[28-May-2022 13:48:46 America/Sao_Paulo] PHP Warning:  Undefined array key "configDirectoryFilesLayoutSD" in K:\syncsystem\tecnologias\php\laravel\aula\laravel8\syncsystem-laravel8-v1\config\filesystems.php on line 85
[17-Sep-2022 15:21:44 America/Sao_Paulo] PHP Warning:  Undefined array key "configSystemTimeZone" in K:\syncsystem\tecnologias\php\laravel\aula\laravel8\syncsystem-laravel8-v1\config\app.php on line 71
[17-Sep-2022 15:21:44 America/Sao_Paulo] PHP Notice:  date_default_timezone_set(): Timezone ID '' is invalid in K:\syncsystem\tecnologias\php\laravel\aula\laravel8\syncsystem-laravel8-v1\vendor\laravel\framework\src\Illuminate\Foundation\Bootstrap\LoadConfiguration.php on line 49
[17-Sep-2022 15:23:39 America/Sao_Paulo] PHP Warning:  Undefined array key "configSystemTimeZone" in K:\syncsystem\tecnologias\php\laravel\aula\laravel8\syncsystem-laravel8-v1\config\app.php on line 71
[17-Sep-2022 15:23:39 America/Sao_Paulo] PHP Notice:  date_default_timezone_set(): Timezone ID '' is invalid in K:\syncsystem\tecnologias\php\laravel\aula\laravel8\syncsystem-laravel8-v1\vendor\laravel\framework\src\Illuminate\Foundation\Bootstrap\LoadConfiguration.php on line 49
[17-Sep-2022 15:47:07 America/Sao_Paulo] PHP Warning:  Undefined array key "configSystemTimeZone" in K:\syncsystem\tecnologias\php\laravel\aula\laravel8\syncsystem-laravel8-v1\config\app.php on line 71
[17-Sep-2022 15:47:07 America/Sao_Paulo] PHP Notice:  date_default_timezone_set(): Timezone ID '' is invalid in K:\syncsystem\tecnologias\php\laravel\aula\laravel8\syncsystem-laravel8-v1\vendor\laravel\framework\src\Illuminate\Foundation\Bootstrap\LoadConfiguration.php on line 49
[17-Sep-2022 15:48:31 America/Sao_Paulo] PHP Warning:  Undefined array key "configSystemTimeZone" in K:\syncsystem\tecnologias\php\laravel\aula\laravel8\syncsystem-laravel8-v1\config\app.php on line 71
[17-Sep-2022 15:48:31 America/Sao_Paulo] PHP Notice:  date_default_timezone_set(): Timezone ID '' is invalid in K:\syncsystem\tecnologias\php\laravel\aula\laravel8\syncsystem-laravel8-v1\vendor\laravel\framework\src\Illuminate\Foundation\Bootstrap\LoadConfiguration.php on line 49
[17-Sep-2022 15:48:49 America/Sao_Paulo] PHP Warning:  Undefined array key "configSystemTimeZone" in K:\syncsystem\tecnologias\php\laravel\aula\laravel8\syncsystem-laravel8-v1\config\app.php on line 71
[17-Sep-2022 15:48:49 America/Sao_Paulo] PHP Notice:  date_default_timezone_set(): Timezone ID '' is invalid in K:\syncsystem\tecnologias\php\laravel\aula\laravel8\syncsystem-laravel8-v1\vendor\laravel\framework\src\Illuminate\Foundation\Bootstrap\LoadConfiguration.php on line 49
[25-Sep-2022 09:09:26 America/Sao_Paulo] PHP Warning:  Undefined array key "configSystemTimeZone" in K:\syncsystem\tecnologias\php\laravel\aula\laravel8\syncsystem-laravel8-v1\config\app.php on line 71
[25-Sep-2022 09:09:27 America/Sao_Paulo] PHP Notice:  date_default_timezone_set(): Timezone ID '' is invalid in K:\syncsystem\tecnologias\php\laravel\aula\laravel8\syncsystem-laravel8-v1\vendor\laravel\framework\src\Illuminate\Foundation\Bootstrap\LoadConfiguration.php on line 49
[25-Sep-2022 09:13:30 America/Sao_Paulo] PHP Warning:  Undefined array key "configSystemTimeZone" in K:\syncsystem\tecnologias\php\laravel\aula\laravel8\syncsystem-laravel8-v1\config\app.php on line 71
[25-Sep-2022 09:13:30 America/Sao_Paulo] PHP Notice:  date_default_timezone_set(): Timezone ID '' is invalid in K:\syncsystem\tecnologias\php\laravel\aula\laravel8\syncsystem-laravel8-v1\vendor\laravel\framework\src\Illuminate\Foundation\Bootstrap\LoadConfiguration.php on line 49
[25-Sep-2022 09:13:47 America/Sao_Paulo] PHP Warning:  Undefined array key "configSystemTimeZone" in K:\syncsystem\tecnologias\php\laravel\aula\laravel8\syncsystem-laravel8-v1\config\app.php on line 71
[25-Sep-2022 09:13:47 America/Sao_Paulo] PHP Notice:  date_default_timezone_set(): Timezone ID '' is invalid in K:\syncsystem\tecnologias\php\laravel\aula\laravel8\syncsystem-laravel8-v1\vendor\laravel\framework\src\Illuminate\Foundation\Bootstrap\LoadConfiguration.php on line 49
[25-Sep-2022 09:13:59 America/Sao_Paulo] PHP Warning:  Undefined array key "configSystemTimeZone" in K:\syncsystem\tecnologias\php\laravel\aula\laravel8\syncsystem-laravel8-v1\config\app.php on line 71
[25-Sep-2022 09:13:59 America/Sao_Paulo] PHP Notice:  date_default_timezone_set(): Timezone ID '' is invalid in K:\syncsystem\tecnologias\php\laravel\aula\laravel8\syncsystem-laravel8-v1\vendor\laravel\framework\src\Illuminate\Foundation\Bootstrap\LoadConfiguration.php on line 49
[25-Sep-2022 09:14:27 America/Sao_Paulo] PHP Warning:  Undefined array key "configSystemTimeZone" in K:\syncsystem\tecnologias\php\laravel\aula\laravel8\syncsystem-laravel8-v1\config\app.php on line 71
[25-Sep-2022 09:14:27 America/Sao_Paulo] PHP Notice:  date_default_timezone_set(): Timezone ID '' is invalid in K:\syncsystem\tecnologias\php\laravel\aula\laravel8\syncsystem-laravel8-v1\vendor\laravel\framework\src\Illuminate\Foundation\Bootstrap\LoadConfiguration.php on line 49
[12-Oct-2022 11:29:31 America/Sao_Paulo] PHP Warning:  Undefined array key "configSystemTimeZone" in K:\syncsystem\tecnologias\php\laravel\aula\laravel8\syncsystem-laravel8-v1\config\app.php on line 71
[12-Oct-2022 11:29:31 America/Sao_Paulo] PHP Notice:  date_default_timezone_set(): Timezone ID '' is invalid in K:\syncsystem\tecnologias\php\laravel\aula\laravel8\syncsystem-laravel8-v1\vendor\laravel\framework\src\Illuminate\Foundation\Bootstrap\LoadConfiguration.php on line 49
[12-Oct-2022 11:30:11 America/Sao_Paulo] PHP Warning:  Undefined array key "configSystemTimeZone" in K:\syncsystem\tecnologias\php\laravel\aula\laravel8\syncsystem-laravel8-v1\config\app.php on line 71
[12-Oct-2022 11:30:11 America/Sao_Paulo] PHP Notice:  date_default_timezone_set(): Timezone ID '' is invalid in K:\syncsystem\tecnologias\php\laravel\aula\laravel8\syncsystem-laravel8-v1\vendor\laravel\framework\src\Illuminate\Foundation\Bootstrap\LoadConfiguration.php on line 49
[12-Oct-2022 11:30:39 America/Sao_Paulo] PHP Warning:  Undefined array key "configSystemTimeZone" in K:\syncsystem\tecnologias\php\laravel\aula\laravel8\syncsystem-laravel8-v1\config\app.php on line 71
[12-Oct-2022 11:30:39 America/Sao_Paulo] PHP Notice:  date_default_timezone_set(): Timezone ID '' is invalid in K:\syncsystem\tecnologias\php\laravel\aula\laravel8\syncsystem-laravel8-v1\vendor\laravel\framework\src\Illuminate\Foundation\Bootstrap\LoadConfiguration.php on line 49
[12-Oct-2022 12:10:57 America/Sao_Paulo] PHP Warning:  Undefined array key "configSystemTimeZone" in K:\syncsystem\tecnologias\php\laravel\aula\laravel8\syncsystem-laravel8-v1\config\app.php on line 71
[12-Oct-2022 12:10:57 America/Sao_Paulo] PHP Notice:  date_default_timezone_set(): Timezone ID '' is invalid in K:\syncsystem\tecnologias\php\laravel\aula\laravel8\syncsystem-laravel8-v1\vendor\laravel\framework\src\Illuminate\Foundation\Bootstrap\LoadConfiguration.php on line 49
[12-Oct-2022 12:11:14 America/Sao_Paulo] PHP Warning:  Undefined array key "configSystemTimeZone" in K:\syncsystem\tecnologias\php\laravel\aula\laravel8\syncsystem-laravel8-v1\config\app.php on line 71
[12-Oct-2022 12:11:14 America/Sao_Paulo] PHP Notice:  date_default_timezone_set(): Timezone ID '' is invalid in K:\syncsystem\tecnologias\php\laravel\aula\laravel8\syncsystem-laravel8-v1\vendor\laravel\framework\src\Illuminate\Foundation\Bootstrap\LoadConfiguration.php on line 49
[12-Oct-2022 18:04:13 America/Sao_Paulo] PHP Warning:  Undefined array key "configSystemTimeZone" in K:\syncsystem\tecnologias\php\laravel\aula\laravel8\syncsystem-laravel8-v1\config\app.php on line 71
[12-Oct-2022 18:04:13 America/Sao_Paulo] PHP Notice:  date_default_timezone_set(): Timezone ID '' is invalid in K:\syncsystem\tecnologias\php\laravel\aula\laravel8\syncsystem-laravel8-v1\vendor\laravel\framework\src\Illuminate\Foundation\Bootstrap\LoadConfiguration.php on line 49
[15-Oct-2022 18:03:41 America/Sao_Paulo] PHP Warning:  Undefined array key "configSystemTimeZone" in K:\syncsystem\tecnologias\php\laravel\aula\laravel8\syncsystem-laravel8-v1\config\app.php on line 71
[15-Oct-2022 18:03:41 America/Sao_Paulo] PHP Notice:  date_default_timezone_set(): Timezone ID '' is invalid in K:\syncsystem\tecnologias\php\laravel\aula\laravel8\syncsystem-laravel8-v1\vendor\laravel\framework\src\Illuminate\Foundation\Bootstrap\LoadConfiguration.php on line 49
[15-Oct-2022 18:04:33 America/Sao_Paulo] PHP Warning:  Undefined array key "configSystemTimeZone" in K:\syncsystem\tecnologias\php\laravel\aula\laravel8\syncsystem-laravel8-v1\config\app.php on line 71
[15-Oct-2022 18:04:33 America/Sao_Paulo] PHP Notice:  date_default_timezone_set(): Timezone ID '' is invalid in K:\syncsystem\tecnologias\php\laravel\aula\laravel8\syncsystem-laravel8-v1\vendor\laravel\framework\src\Illuminate\Foundation\Bootstrap\LoadConfiguration.php on line 49
[15-Oct-2022 18:04:51 America/Sao_Paulo] PHP Warning:  Undefined array key "configSystemTimeZone" in K:\syncsystem\tecnologias\php\laravel\aula\laravel8\syncsystem-laravel8-v1\config\app.php on line 71
[15-Oct-2022 18:04:51 America/Sao_Paulo] PHP Notice:  date_default_timezone_set(): Timezone ID '' is invalid in K:\syncsystem\tecnologias\php\laravel\aula\laravel8\syncsystem-laravel8-v1\vendor\laravel\framework\src\Illuminate\Foundation\Bootstrap\LoadConfiguration.php on line 49
[16-Oct-2022 16:17:45 America/Sao_Paulo] PHP Warning:  Missing boundary in multipart/form-data POST data in Unknown on line 0
[16-Oct-2022 16:21:37 America/Sao_Paulo] PHP Warning:  Missing boundary in multipart/form-data POST data in Unknown on line 0
[16-Oct-2022 16:22:20 America/Sao_Paulo] PHP Warning:  Missing boundary in multipart/form-data POST data in Unknown on line 0
[16-Oct-2022 16:22:49 America/Sao_Paulo] PHP Warning:  Missing boundary in multipart/form-data POST data in Unknown on line 0
[16-Oct-2022 16:31:25 America/Sao_Paulo] PHP Warning:  Missing boundary in multipart/form-data POST data in Unknown on line 0
[16-Oct-2022 16:33:16 America/Sao_Paulo] PHP Warning:  Missing boundary in multipart/form-data POST data in Unknown on line 0
[16-Oct-2022 16:34:19 America/Sao_Paulo] PHP Warning:  Missing boundary in multipart/form-data POST data in Unknown on line 0
[22-Oct-2022 18:54:19 America/Sao_Paulo] PHP Warning:  Undefined array key "configSystemTimeZone" in K:\syncsystem\tecnologias\php\laravel\aula\laravel8\syncsystem-laravel8-v1\config\app.php on line 71
[22-Oct-2022 18:54:19 America/Sao_Paulo] PHP Notice:  date_default_timezone_set(): Timezone ID '' is invalid in K:\syncsystem\tecnologias\php\laravel\aula\laravel8\syncsystem-laravel8-v1\vendor\laravel\framework\src\Illuminate\Foundation\Bootstrap\LoadConfiguration.php on line 49
[12-Nov-2022 08:22:56 America/Sao_Paulo] PHP Warning:  Undefined array key "configSystemTimeZone" in K:\syncsystem\tecnologias\php\laravel\aula\laravel8\syncsystem-laravel8-v1\config\app.php on line 71
[12-Nov-2022 08:22:57 America/Sao_Paulo] PHP Notice:  date_default_timezone_set(): Timezone ID '' is invalid in K:\syncsystem\tecnologias\php\laravel\aula\laravel8\syncsystem-laravel8-v1\vendor\laravel\framework\src\Illuminate\Foundation\Bootstrap\LoadConfiguration.php on line 49
[12-Nov-2022 09:50:42 America/Sao_Paulo] PHP Warning:  Undefined array key "configSystemTimeZone" in K:\syncsystem\tecnologias\php\laravel\aula\laravel8\syncsystem-laravel8-v1\config\app.php on line 71
[12-Nov-2022 09:50:42 America/Sao_Paulo] PHP Notice:  date_default_timezone_set(): Timezone ID '' is invalid in K:\syncsystem\tecnologias\php\laravel\aula\laravel8\syncsystem-laravel8-v1\vendor\laravel\framework\src\Illuminate\Foundation\Bootstrap\LoadConfiguration.php on line 49
[12-Nov-2022 10:36:16 America/Sao_Paulo] PHP Warning:  Undefined array key "configSystemTimeZone" in K:\syncsystem\tecnologias\php\laravel\aula\laravel8\syncsystem-laravel8-v1\config\app.php on line 71
[12-Nov-2022 10:36:16 America/Sao_Paulo] PHP Notice:  date_default_timezone_set(): Timezone ID '' is invalid in K:\syncsystem\tecnologias\php\laravel\aula\laravel8\syncsystem-laravel8-v1\vendor\laravel\framework\src\Illuminate\Foundation\Bootstrap\LoadConfiguration.php on line 49
