[11-Mar-2022 13:43:09 America/Sao_Paulo] PHP Notice:  Undefined index: SERVER_ADDR in K:\syncsystem\tecnologias\php\laravel\aula\laravel8\syncsystem-laravel8-v1\public\phpcheck.php on line 3
[11-Mar-2022 13:43:09 America/Sao_Paulo] PHP Notice:  Undefined index: LOCAL_ADDR in K:\syncsystem\tecnologias\php\laravel\aula\laravel8\syncsystem-laravel8-v1\public\phpcheck.php on line 4
[11-Mar-2022 13:44:17 America/Sao_Paulo] PHP Notice:  Undefined index: SERVER_ADDR in K:\syncsystem\tecnologias\php\laravel\aula\laravel8\syncsystem-laravel8-v1\public\phpcheck.php on line 3
[11-Mar-2022 13:44:17 America/Sao_Paulo] PHP Notice:  Undefined index: LOCAL_ADDR in K:\syncsystem\tecnologias\php\laravel\aula\laravel8\syncsystem-laravel8-v1\public\phpcheck.php on line 4
[11-Mar-2022 13:45:34 America/Sao_Paulo] PHP Warning:  Undefined array key "SERVER_ADDR" in K:\syncsystem\tecnologias\php\laravel\aula\laravel8\syncsystem-laravel8-v1\public\phpcheck.php on line 3
[11-Mar-2022 13:45:34 America/Sao_Paulo] PHP Warning:  Undefined array key "LOCAL_ADDR" in K:\syncsystem\tecnologias\php\laravel\aula\laravel8\syncsystem-laravel8-v1\public\phpcheck.php on line 4
[13-Mar-2022 10:26:13 America/Sao_Paulo] PHP Fatal error:  Uncaught Error: Class "Illuminate\Foundation\Application" not found in K:\syncsystem\tecnologias\php\laravel\aula\laravel8\syncsystem-laravel8-v1\bootstrap\app.php:14
Stack trace:
#0 K:\syncsystem\tecnologias\php\laravel\aula\laravel8\syncsystem-laravel8-v1\public\index.php(48): require_once()
#1 K:\syncsystem\tecnologias\php\laravel\aula\laravel8\syncsystem-laravel8-v1\server.php(21): require_once('...')
#2 {main}
  thrown in K:\syncsystem\tecnologias\php\laravel\aula\laravel8\syncsystem-laravel8-v1\bootstrap\app.php on line 14
[10-Apr-2022 16:30:14 America/Sao_Paulo] PHP Warning:  Undefined array key "SERVER_ADDR" in K:\syncsystem\tecnologias\php\laravel\aula\laravel8\syncsystem-laravel8-v1\public\phpcheck.php on line 3
[10-Apr-2022 16:30:14 America/Sao_Paulo] PHP Warning:  Undefined array key "LOCAL_ADDR" in K:\syncsystem\tecnologias\php\laravel\aula\laravel8\syncsystem-laravel8-v1\public\phpcheck.php on line 4
[17-Apr-2022 14:29:14 America/Sao_Paulo] PHP Warning:  file_get_contents(/public/app_resources/language-en-us.js): Failed to open stream: No such file or directory in K:\syncsystem\tecnologias\php\laravel\aula\laravel8\syncsystem-laravel8-v1\config-application.php on line 164
[17-Apr-2022 14:29:29 America/Sao_Paulo] PHP Warning:  file_get_contents(public/app_resources/language-en-us.js): Failed to open stream: No such file or directory in K:\syncsystem\tecnologias\php\laravel\aula\laravel8\syncsystem-laravel8-v1\config-application.php on line 164
[17-Apr-2022 14:29:41 America/Sao_Paulo] PHP Warning:  file_get_contents(/app_resources/language-en-us.js): Failed to open stream: No such file or directory in K:\syncsystem\tecnologias\php\laravel\aula\laravel8\syncsystem-laravel8-v1\config-application.php on line 164
[17-Apr-2022 14:44:05 America/Sao_Paulo] PHP Fatal error:  Uncaught TypeError: Unsupported operand types: string + string in K:\syncsystem\tecnologias\php\laravel\aula\laravel8\syncsystem-laravel8-v1\config-application.php:132
Stack trace:
#0 K:\syncsystem\tecnologias\php\laravel\aula\laravel8\syncsystem-laravel8-v1\public\index.php(2): require()
#1 K:\syncsystem\tecnologias\php\laravel\aula\laravel8\syncsystem-laravel8-v1\server.php(21): require_once('...')
#2 {main}
  thrown in K:\syncsystem\tecnologias\php\laravel\aula\laravel8\syncsystem-laravel8-v1\config-application.php on line 132
[17-Apr-2022 19:53:24 America/Sao_Paulo] PHP Fatal error:  Uncaught Error: Class "SyncSystemNS\FunctionsJson" not found in K:\syncsystem\tecnologias\php\laravel\aula\laravel8\syncsystem-laravel8-v1\config-application.php:291
Stack trace:
#0 K:\syncsystem\tecnologias\php\laravel\aula\laravel8\syncsystem-laravel8-v1\public\index.php(2): require()
#1 K:\syncsystem\tecnologias\php\laravel\aula\laravel8\syncsystem-laravel8-v1\server.php(21): require_once('...')
#2 {main}
  thrown in K:\syncsystem\tecnologias\php\laravel\aula\laravel8\syncsystem-laravel8-v1\config-application.php on line 291
[28-May-2022 13:49:20 America/Sao_Paulo] PHP Warning:  Constant SS_VALUE_TYPE_GENERAL_NUMBER already defined in K:\syncsystem\tecnologias\php\laravel\aula\laravel8\syncsystem-laravel8-v1\config-application.php on line 37
[28-May-2022 13:49:20 America/Sao_Paulo] PHP Warning:  Constant SS_VALUE_TYPE_SYSTEM_CURRENCY already defined in K:\syncsystem\tecnologias\php\laravel\aula\laravel8\syncsystem-laravel8-v1\config-application.php on line 38
[28-May-2022 13:49:20 America/Sao_Paulo] PHP Warning:  Constant SS_VALUE_TYPE_DECIMAL already defined in K:\syncsystem\tecnologias\php\laravel\aula\laravel8\syncsystem-laravel8-v1\config-application.php on line 39
[28-May-2022 13:49:20 America/Sao_Paulo] PHP Warning:  Constant SS_VALUE_TYPE_SYSTEM_CURRENCY_DECIMAL already defined in K:\syncsystem\tecnologias\php\laravel\aula\laravel8\syncsystem-laravel8-v1\config-application.php on line 40
[28-May-2022 13:49:20 America/Sao_Paulo] PHP Warning:  Constant SS_FIELD_TYPE_SINGLE_LINE already defined in K:\syncsystem\tecnologias\php\laravel\aula\laravel8\syncsystem-laravel8-v1\config-application.php on line 43
[28-May-2022 13:49:20 America/Sao_Paulo] PHP Warning:  Constant SS_FIELD_TYPE_MULTILINE already defined in K:\syncsystem\tecnologias\php\laravel\aula\laravel8\syncsystem-laravel8-v1\config-application.php on line 44
[28-May-2022 13:49:20 America/Sao_Paulo] PHP Warning:  Constant SS_FIELD_TYPE_SINGLE_LINE_ENCRYPTED already defined in K:\syncsystem\tecnologias\php\laravel\aula\laravel8\syncsystem-laravel8-v1\config-application.php on line 45
[28-May-2022 13:49:20 America/Sao_Paulo] PHP Warning:  Constant SS_FIELD_TYPE_MULTILINE_ENCRYPTED already defined in K:\syncsystem\tecnologias\php\laravel\aula\laravel8\syncsystem-laravel8-v1\config-application.php on line 46
[28-May-2022 13:49:20 America/Sao_Paulo] PHP Warning:  Constant SS_ENCRYPT_METHOD_NONE already defined in K:\syncsystem\tecnologias\php\laravel\aula\laravel8\syncsystem-laravel8-v1\config-application.php on line 49
[28-May-2022 13:49:20 America/Sao_Paulo] PHP Warning:  Constant SS_ENCRYPT_METHOD_HASH already defined in K:\syncsystem\tecnologias\php\laravel\aula\laravel8\syncsystem-laravel8-v1\config-application.php on line 50
[28-May-2022 13:49:20 America/Sao_Paulo] PHP Warning:  Constant SS_ENCRYPT_METHOD_DATA already defined in K:\syncsystem\tecnologias\php\laravel\aula\laravel8\syncsystem-laravel8-v1\config-application.php on line 51
[28-May-2022 13:49:20 America/Sao_Paulo] PHP Warning:  Constant SS_ENCRYPT_METHOD_HASH_MD5 already defined in K:\syncsystem\tecnologias\php\laravel\aula\laravel8\syncsystem-laravel8-v1\config-application.php on line 54
[28-May-2022 13:49:20 America/Sao_Paulo] PHP Warning:  Constant SS_ENCRYPT_METHOD_DATA_MCRYPT already defined in K:\syncsystem\tecnologias\php\laravel\aula\laravel8\syncsystem-laravel8-v1\config-application.php on line 57
[28-May-2022 13:49:20 America/Sao_Paulo] PHP Warning:  Constant SS_ENCRYPT_METHOD_DATA_DEFUSE already defined in K:\syncsystem\tecnologias\php\laravel\aula\laravel8\syncsystem-laravel8-v1\config-application.php on line 58
[28-May-2022 13:49:20 America/Sao_Paulo] PHP Warning:  Constant SS_VALUE_TYPE_GENERAL_NUMBER already defined in K:\syncsystem\tecnologias\php\laravel\aula\laravel8\syncsystem-laravel8-v1\config-application.php on line 37
[28-May-2022 13:49:20 America/Sao_Paulo] PHP Warning:  Constant SS_VALUE_TYPE_SYSTEM_CURRENCY already defined in K:\syncsystem\tecnologias\php\laravel\aula\laravel8\syncsystem-laravel8-v1\config-application.php on line 38
[28-May-2022 13:49:20 America/Sao_Paulo] PHP Warning:  Constant SS_VALUE_TYPE_DECIMAL already defined in K:\syncsystem\tecnologias\php\laravel\aula\laravel8\syncsystem-laravel8-v1\config-application.php on line 39
[28-May-2022 13:49:20 America/Sao_Paulo] PHP Warning:  Constant SS_VALUE_TYPE_SYSTEM_CURRENCY_DECIMAL already defined in K:\syncsystem\tecnologias\php\laravel\aula\laravel8\syncsystem-laravel8-v1\config-application.php on line 40
[28-May-2022 13:49:20 America/Sao_Paulo] PHP Warning:  Constant SS_FIELD_TYPE_SINGLE_LINE already defined in K:\syncsystem\tecnologias\php\laravel\aula\laravel8\syncsystem-laravel8-v1\config-application.php on line 43
[28-May-2022 13:49:20 America/Sao_Paulo] PHP Warning:  Constant SS_FIELD_TYPE_MULTILINE already defined in K:\syncsystem\tecnologias\php\laravel\aula\laravel8\syncsystem-laravel8-v1\config-application.php on line 44
[28-May-2022 13:49:20 America/Sao_Paulo] PHP Warning:  Constant SS_FIELD_TYPE_SINGLE_LINE_ENCRYPTED already defined in K:\syncsystem\tecnologias\php\laravel\aula\laravel8\syncsystem-laravel8-v1\config-application.php on line 45
[28-May-2022 13:49:20 America/Sao_Paulo] PHP Warning:  Constant SS_FIELD_TYPE_MULTILINE_ENCRYPTED already defined in K:\syncsystem\tecnologias\php\laravel\aula\laravel8\syncsystem-laravel8-v1\config-application.php on line 46
[28-May-2022 13:49:20 America/Sao_Paulo] PHP Warning:  Constant SS_ENCRYPT_METHOD_NONE already defined in K:\syncsystem\tecnologias\php\laravel\aula\laravel8\syncsystem-laravel8-v1\config-application.php on line 49
[28-May-2022 13:49:20 America/Sao_Paulo] PHP Warning:  Constant SS_ENCRYPT_METHOD_HASH already defined in K:\syncsystem\tecnologias\php\laravel\aula\laravel8\syncsystem-laravel8-v1\config-application.php on line 50
[28-May-2022 13:49:20 America/Sao_Paulo] PHP Warning:  Constant SS_ENCRYPT_METHOD_DATA already defined in K:\syncsystem\tecnologias\php\laravel\aula\laravel8\syncsystem-laravel8-v1\config-application.php on line 51
[28-May-2022 13:49:20 America/Sao_Paulo] PHP Warning:  Constant SS_ENCRYPT_METHOD_HASH_MD5 already defined in K:\syncsystem\tecnologias\php\laravel\aula\laravel8\syncsystem-laravel8-v1\config-application.php on line 54
[28-May-2022 13:49:20 America/Sao_Paulo] PHP Warning:  Constant SS_ENCRYPT_METHOD_DATA_MCRYPT already defined in K:\syncsystem\tecnologias\php\laravel\aula\laravel8\syncsystem-laravel8-v1\config-application.php on line 57
[28-May-2022 13:49:20 America/Sao_Paulo] PHP Warning:  Constant SS_ENCRYPT_METHOD_DATA_DEFUSE already defined in K:\syncsystem\tecnologias\php\laravel\aula\laravel8\syncsystem-laravel8-v1\config-application.php on line 58
[28-May-2022 14:07:50 America/Sao_Paulo] PHP Parse error:  syntax error, unexpected token ";", expecting ")" in K:\syncsystem\tecnologias\php\laravel\aula\laravel8\syncsystem-laravel8-v1\public\index.php on line 53
[28-May-2022 14:08:01 America/Sao_Paulo] PHP Parse error:  syntax error, unexpected token ";", expecting ")" in K:\syncsystem\tecnologias\php\laravel\aula\laravel8\syncsystem-laravel8-v1\public\index.php on line 53
[04-Jun-2022 16:50:50 America/Sao_Paulo] PHP Fatal error:  Uncaught Error: Call to undefined method Illuminate\Container\Container::resourcePath() in K:\syncsystem\tecnologias\php\laravel\aula\laravel8\syncsystem-laravel8-v1\vendor\laravel\framework\src\Illuminate\Foundation\helpers.php:703
Stack trace:
#0 K:\syncsystem\tecnologias\php\laravel\aula\laravel8\syncsystem-laravel8-v1\config-application.php(301): resource_path()
#1 K:\syncsystem\tecnologias\php\laravel\aula\laravel8\syncsystem-laravel8-v1\public\index.php(46): require('...')
#2 {main}
  thrown in K:\syncsystem\tecnologias\php\laravel\aula\laravel8\syncsystem-laravel8-v1\vendor\laravel\framework\src\Illuminate\Foundation\helpers.php on line 703
[07-Aug-2022 18:26:41 UTC] PHP Fatal error:  A void function must not return a value in K:\syncsystem\tecnologias\php\laravel\aula\laravel8\syncsystem-laravel8-v1\app\Http\Controllers\ApiCategoriesInsertController.php on line 130
[17-Sep-2022 09:35:37 America/Sao_Paulo] PHP Fatal error:  Cannot use string as default value for parameter $configDateFormat of type int in K:\syncsystem\tecnologias\php\laravel\aula\laravel8\syncsystem-laravel8-v1\components_php\syncsystem-ns\FunctionsGeneric.php on line 69
[17-Sep-2022 09:35:37 America/Sao_Paulo] PHP Fatal error:  Cannot use string as default value for parameter $configDateFormat of type int in K:\syncsystem\tecnologias\php\laravel\aula\laravel8\syncsystem-laravel8-v1\components_php\syncsystem-ns\FunctionsGeneric.php on line 69
[15-Oct-2022 20:30:48 America/Sao_Paulo] PHP Fatal error:  A void function must not return a value in K:\syncsystem\tecnologias\php\laravel\aula\laravel8\syncsystem-laravel8-v1\app\Http\Controllers\AdminRecordsController.php on line 176
